生成启动时间为 2016/10/13 13:16:32。
     1>项目“F:\kzh\project\CGISS\src\AddonContainer\AddonContainer.vcxproj”在节点 2 上(rebuild 个目标)。
     1>_PrepareForClean:
         正在删除文件“../middle/AddonContainer/Debug/Win32\AddonContainer.lastbuildstate”。
     1>C:\Program Files (x86)\MSBuild\Microsoft.Cpp\v4.0\Microsoft.CppBuild.targets(299,5): warning MSB8004: Output 目录未以斜杠结尾。此生成实例将添加斜杠，因为必须有这个斜杠才能正确计算 Output 目录。
       InitializeBuildStatus:
         正在创建“../middle/AddonContainer/Debug/Win32\AddonContainer.unsuccessfulbuild”，因为已指定“AlwaysCreate”。
       GenerateTargetFrameworkMonikerAttribute:
       正在跳过目标“GenerateTargetFrameworkMonikerAttribute”，因为所有输出文件相对于输入文件而言都是最新的。
       ClCompile:
         f:\kzh\software\visual stdio 2010\VC\bin\CL.exe /c /I../addons/include /AI"C:\Program Files (x86)\Reference Assemblies\Microsoft\Framework\.NETFramework\v4.0" /Zi /clr /nologo /W3 /WX- /Od /Oy- /D WIN32 /D _DEBUG /D _WINDLL /D _UNICODE /D UNICODE /D _ATL_DLL /EHa /MDd /GS /fp:precise /Zc:wchar_t /Zc:forScope /Yc"StdAfx.h" /Fp"../middle/AddonContainer/Debug/Win32\AddonContainer.pch" /Fo"../middle/AddonContainer/Debug/Win32\\" /Fd"../middle/AddonContainer/Debug/Win32\vc100.pdb" /TP /FU"C:\Program Files (x86)\Reference Assemblies\Microsoft\Framework\.NETFramework\v4.0\System.Core.dll" /FU"C:\Program Files (x86)\Reference Assemblies\Microsoft\Framework\.NETFramework\v4.0\System.Data.dll" /FU"C:\Program Files (x86)\Reference Assemblies\Microsoft\Framework\.NETFramework\v4.0\System.dll" /FU"C:\Program Files (x86)\Reference Assemblies\Microsoft\Framework\.NETFramework\v4.0\System.Xml.dll" /analyze- /errorReport:prompt Stdafx.cpp /clr:nostdlib 
         Stdafx.cpp
         f:\kzh\software\visual stdio 2010\VC\bin\CL.exe /c /I../addons/include /AI"C:\Program Files (x86)\Reference Assemblies\Microsoft\Framework\.NETFramework\v4.0" /Zi /clr /nologo /W3 /WX- /Od /Oy- /D WIN32 /D _DEBUG /D _WINDLL /D _UNICODE /D UNICODE /D _ATL_DLL /EHa /MDd /GS /fp:precise /Zc:wchar_t /Zc:forScope /Yu"StdAfx.h" /Fp"../middle/AddonContainer/Debug/Win32\AddonContainer.pch" /Fo"../middle/AddonContainer/Debug/Win32\\" /Fd"../middle/AddonContainer/Debug/Win32\vc100.pdb" /TP /FU"C:\Program Files (x86)\Reference Assemblies\Microsoft\Framework\.NETFramework\v4.0\System.Core.dll" /FU"C:\Program Files (x86)\Reference Assemblies\Microsoft\Framework\.NETFramework\v4.0\System.Data.dll" /FU"C:\Program Files (x86)\Reference Assemblies\Microsoft\Framework\.NETFramework\v4.0\System.dll" /FU"C:\Program Files (x86)\Reference Assemblies\Microsoft\Framework\.NETFramework\v4.0\System.Xml.dll" /analyze- /errorReport:prompt AddonContainer.cpp AssemblyInfo.cpp PEParser.cpp /clr:nostdlib 
         AddonContainer.cpp
     1>AddonContainer.cpp(181): warning C4018: “<”: 有符号/无符号不匹配
         AssemblyInfo.cpp
         PEParser.cpp
     1>PEParser.cpp(35): warning C4018: “<=”: 有符号/无符号不匹配
         正在生成代码...
         f:\kzh\software\visual stdio 2010\VC\bin\CL.exe /c /I../addons/include /Zi /clr /nologo /W3 /WX- /Od /Oy- /D WIN32 /D _DEBUG /D _WINDLL /D _UNICODE /D UNICODE /D _ATL_DLL /EHa /MDd /GS /fp:precise /Zc:wchar_t /Zc:forScope /Fo"../middle/AddonContainer/Debug/Win32\\" /Fd"../middle/AddonContainer/Debug/Win32\vc100.pdb" /TP /analyze- /errorReport:prompt "C:\Users\tzp\AppData\Local\Temp\.NETFramework,Version=v4.0.AssemblyAttributes.cpp"
         .NETFramework,Version=v4.0.AssemblyAttributes.cpp
       ResourceCompile:
         C:\Program Files (x86)\Microsoft SDKs\Windows\v7.0A\bin\rc.exe /D _UNICODE /D UNICODE /l"0x0409" /nologo /fo"../middle/AddonContainer/Debug/Win32\app.res" app.rc 
       Link:
         f:\kzh\software\visual stdio 2010\VC\bin\link.exe /ERRORREPORT:PROMPT /OUT:"../Debug/x86\AddonContainer.dll" /INCREMENTAL /NOLOGO /MANIFEST /ManifestFile:"../middle/AddonContainer/Debug/Win32\AddonContainer.dll.intermediate.manifest" /MANIFESTUAC:"level='asInvoker' uiAccess='false'" /DEBUG /PDB:"F:\kzh\project\CGISS\src\Debug\x86\AddonContainer.pdb" /ASSEMBLYDEBUG /TLBID:1 /DYNAMICBASE /FIXED:NO /NXCOMPAT /MACHINE:X86 /DLL ../middle/AddonContainer/Debug/Win32\app.res
         ../middle/AddonContainer/Debug/Win32\AddonContainer.obj
         ../middle/AddonContainer/Debug/Win32\AssemblyInfo.obj
         ../middle/AddonContainer/Debug/Win32\PEParser.obj
         ../middle/AddonContainer/Debug/Win32\Stdafx.obj
         "../middle/AddonContainer/Debug/Win32\.NETFramework,Version=v4.0.AssemblyAttributes.obj"
         AddonContainer.vcxproj -> F:\kzh\project\CGISS\src\AddonContainer\../Debug/x86\AddonContainer.dll
       Manifest:
         C:\Program Files (x86)\Microsoft SDKs\Windows\v7.0A\bin\mt.exe /nologo /verbose /outputresource:"../Debug/x86\AddonContainer.dll;#2" /manifest ../middle/AddonContainer/Debug/Win32\AddonContainer.dll.intermediate.manifest
       FinalizeBuildStatus:
         正在删除文件“../middle/AddonContainer/Debug/Win32\AddonContainer.unsuccessfulbuild”。
         正在对“../middle/AddonContainer/Debug/Win32\AddonContainer.lastbuildstate”执行 Touch 任务。
     1>已完成生成项目“F:\kzh\project\CGISS\src\AddonContainer\AddonContainer.vcxproj”(rebuild 个目标)的操作。

生成成功。

已用时间 00:00:11.84
