../Debug/x86\AddonContainer.ilk
../Debug/x86\AddonContainer.pdb
F:\kzh\project\CGISS\src\AddonContainer\../Debug/x86\AddonContainer.dll
F:\KZH\PROJECT\CGISS\SRC\DEBUG\X86\ADDONCONTAINER.DLL
F:\KZH\PROJECT\CGISS\SRC\DEBUG\X86\ADDONCONTAINER.ILK
F:\KZH\PROJECT\CGISS\SRC\DEBUG\X86\ADDONCONTAINER.PDB
F:\KZH\PROJECT\CGISS\SRC\MIDDLE\ADDONCONTAINER\DEBUG\WIN32\.NETFRAMEWORK,VERSION=V4.0.ASSEMBLYATTRIBUTES.OBJ
F:\KZH\PROJECT\CGISS\SRC\MIDDLE\ADDONCONTAINER\DEBUG\WIN32\ADDONCONTAINER.DLL.INTERMEDIATE.MANIFEST
F:\KZH\PROJECT\CGISS\SRC\MIDDLE\ADDONCONTAINER\DEBUG\WIN32\ADDONCONTAINER.OBJ
F:\KZH\PROJECT\CGISS\SRC\MIDDLE\ADDONCONTAINER\DEBUG\WIN32\ADDONCONTAINER.PCH
F:\kzh\project\CGISS\src\middle\AddonContainer\Debug\Win32\AddonContainer.vcxprojResolveAssemblyReference.cache
F:\kzh\project\CGISS\src\middle\AddonContainer\Debug\Win32\AddonContainer.write.1.tlog
F:\KZH\PROJECT\CGISS\SRC\MIDDLE\ADDONCONTAINER\DEBUG\WIN32\APP.RES
F:\KZH\PROJECT\CGISS\SRC\MIDDLE\ADDONCONTAINER\DEBUG\WIN32\ASSEMBLYINFO.OBJ
F:\kzh\project\CGISS\src\middle\AddonContainer\Debug\Win32\cl.command.1.tlog
F:\kzh\project\CGISS\src\middle\AddonContainer\Debug\Win32\CL.read.1.tlog
F:\kzh\project\CGISS\src\middle\AddonContainer\Debug\Win32\CL.write.1.tlog
F:\kzh\project\CGISS\src\middle\AddonContainer\Debug\Win32\link.469896.read.1.tlog
F:\kzh\project\CGISS\src\middle\AddonContainer\Debug\Win32\link.469896.write.1.tlog
F:\kzh\project\CGISS\src\middle\AddonContainer\Debug\Win32\link.469896-cvtres.read.1.tlog
F:\kzh\project\CGISS\src\middle\AddonContainer\Debug\Win32\link.469896-cvtres.write.1.tlog
F:\kzh\project\CGISS\src\middle\AddonContainer\Debug\Win32\link.command.1.tlog
F:\kzh\project\CGISS\src\middle\AddonContainer\Debug\Win32\link.read.1.tlog
F:\kzh\project\CGISS\src\middle\AddonContainer\Debug\Win32\link.write.1.tlog
F:\kzh\project\CGISS\src\middle\AddonContainer\Debug\Win32\metagen.read.1.tlog
F:\kzh\project\CGISS\src\middle\AddonContainer\Debug\Win32\metagen.write.1.tlog
F:\kzh\project\CGISS\src\middle\AddonContainer\Debug\Win32\mt.command.1.tlog
F:\kzh\project\CGISS\src\middle\AddonContainer\Debug\Win32\mt.read.1.tlog
F:\kzh\project\CGISS\src\middle\AddonContainer\Debug\Win32\mt.write.1.tlog
F:\KZH\PROJECT\CGISS\SRC\MIDDLE\ADDONCONTAINER\DEBUG\WIN32\PEPARSER.OBJ
F:\kzh\project\CGISS\src\middle\AddonContainer\Debug\Win32\rc.command.1.tlog
F:\kzh\project\CGISS\src\middle\AddonContainer\Debug\Win32\rc.read.1.tlog
F:\kzh\project\CGISS\src\middle\AddonContainer\Debug\Win32\rc.write.1.tlog
F:\kzh\project\CGISS\src\middle\AddonContainer\Debug\Win32\RSAENH.DLL.bi
F:\KZH\PROJECT\CGISS\SRC\MIDDLE\ADDONCONTAINER\DEBUG\WIN32\STDAFX.OBJ
F:\kzh\project\CGISS\src\middle\AddonContainer\Debug\Win32\TZRES.DLL.bi
F:\KZH\PROJECT\CGISS\SRC\MIDDLE\ADDONCONTAINER\DEBUG\WIN32\VC100.PDB
