开始转换时间：2016/10/10 16:11:56


2016/10/10 16:11:56	准备数据导出

2016/10/10 16:11:56	解析输入参数

2016/10/10 16:11:56	转换标准矢量数据为GeoStar FCS矢量数据从F:\test\test1.gpkg到F:\test

2016/10/10 16:11:56	打开输入数据文件成功。

2016/10/10 16:11:56	打开输出数据文件成功。

2016/10/10 16:11:57	创建空间索引

转换地物类 bou1_4l	100%	00:00:00.6679823	1,382/1,382

2016/10/10 16:11:59	创建空间索引

转换地物类 bou1_4p	100%	00:00:00.4700283	894/894

2016/10/10 16:12:01	创建空间索引

转换地物类 bou2_4l	100%	00:00:00.7546895	1,785/1,785

2016/10/10 16:12:03	创建空间索引

转换地物类 bou2_4p	100%	00:00:00.5487698	925/925

2016/10/10 16:12:10	创建空间索引

转换地物类 BOUNT_line	100%	00:00:06.1609094	11,333/11,333

2016/10/10 16:12:20	创建空间索引

转换地物类 BOUNT_poly	100%	00:00:06.3295433	3,407/3,407

2016/10/10 16:12:23	创建空间索引

转换地物类 diquJie_polyline	100%	00:00:01.0748180	3,234/3,234

2016/10/10 16:12:25	创建空间索引

转换地物类 hyd1_4l	100%	00:00:00.4022845	840/840

2016/10/10 16:12:27	创建空间索引

转换地物类 hyd1_4p	100%	00:00:00.3686930	550/550

2016/10/10 16:12:29	创建空间索引

转换地物类 hyd2_4l	100%	00:00:01.1859108	2,143/2,143

2016/10/10 16:12:31	创建空间索引

转换地物类 hyd2_4p	100%	00:00:00.6497615	826/826

2016/10/10 16:12:33	创建空间索引

转换地物类 rai_4m	100%	00:00:00.2232387	189/189

2016/10/10 16:12:34	创建空间索引

转换地物类 res1_4m	100%	00:00:00.0077071	34/34

2016/10/10 16:12:36	创建空间索引

转换地物类 res2_4m	100%	00:00:00.0636174	331/331

2016/10/10 16:12:38	创建空间索引

转换地物类 River4_polyline	100%	00:00:00.6703878	992/992

2016/10/10 16:12:41	创建空间索引

转换地物类 River5_polyline	100%	00:00:02.2400154	2,967/2,967

2016/10/10 16:12:44	创建空间索引

转换地物类 roa_4m	100%	00:00:00.1722017	151/151

2016/10/10 16:12:47	创建空间索引


转换地物类 XianCh_point	100%	00:00:01.0627480	2,089/2,089

完成时间：2016/10/10 16:12:49
耗费时间：00:00:52.2261722
转换数量：34,072


