开始转换时间：2016/10/11 22:26:42


2016/10/11 22:26:42	准备数据导出

2016/10/11 22:26:42	解析输入参数

2016/10/11 22:26:43	转换标准矢量数据为GeoStar FCS矢量数据从C:\Users\tzp\Desktop\test\test.gpkg到C:\Users\tzp\Desktop\test

2016/10/11 22:26:43	打开输入数据文件成功。

2016/10/11 22:26:43	打开输出数据文件成功。

2016/10/11 22:26:48	创建空间索引

转换地物类 bou1_4l	100%	00:00:02.1825130	1,382/1,382

2016/10/11 22:26:53	创建空间索引

转换地物类 bou1_4p	100%	00:00:02.6838747	894/894

2016/10/11 22:26:57	创建空间索引

转换地物类 bou2_4l	100%	00:00:00.9779335	1,785/1,785

2016/10/11 22:26:59	创建空间索引

转换地物类 bou2_4p	100%	00:00:00.5850439	925/925

2016/10/11 22:27:12	创建空间索引

转换地物类 BOUNT_line	100%	00:00:08.8325579	11,333/11,333

2016/10/11 22:27:30	创建空间索引

转换地物类 BOUNT_poly	100%	00:00:11.0692058	3,407/3,407

2016/10/11 22:27:34	创建空间索引

转换地物类 diquJie_polyline	100%	00:00:01.3150198	3,234/3,234

2016/10/11 22:27:36	创建空间索引

转换地物类 hyd1_4l	100%	00:00:00.4420798	840/840

2016/10/11 22:27:39	创建空间索引

转换地物类 hyd1_4p	100%	00:00:00.4812004	550/550

2016/10/11 22:27:42	创建空间索引

转换地物类 hyd2_4l	100%	00:00:01.4986429	2,143/2,143

2016/10/11 22:27:45	创建空间索引

转换地物类 hyd2_4p	100%	00:00:00.7555738	826/826

2016/10/11 22:27:47	创建空间索引

转换地物类 rai_4m	100%	00:00:00.3642915	189/189

2016/10/11 22:27:48	创建空间索引

转换地物类 res1_4m	100%	00:00:00.0192408	34/34

2016/10/11 22:27:49	创建空间索引

转换地物类 res2_4m	100%	00:00:00.0723479	331/331

2016/10/11 22:27:52	创建空间索引

转换地物类 River4_polyline	100%	00:00:00.6696581	992/992

2016/10/11 22:27:57	创建空间索引

转换地物类 River5_polyline	100%	00:00:02.6129464	2,967/2,967

2016/10/11 22:28:00	创建空间索引

转换地物类 roa_4m	100%	00:00:00.1910764	151/151

2016/10/11 22:28:02	创建空间索引


转换地物类 XianCh_point	100%	00:00:01.3786256	2,089/2,089

完成时间：2016/10/11 22:28:04
耗费时间：00:01:22.3837757
转换数量：34,072


